C51 COMPILER V9.54   MAIN                                                                  04/04/2025 23:27:37 PAGE 1   


C51 COMPILER V9.54, COMPILATION OF MODULE MAIN
OBJECT MODULE PLACED IN main.OBJ
COMPILER INVOKED BY: D:\ruanjian\C51\C51\BIN\C51.EXE main.c OPTIMIZE(8,SPEED) BROWSE DEBUG OBJECTEXTEND

line level    source

   1          #include "reg52.h"
   2          #include "lcd1602.h"
   3          #include "DS1302.h"
   4          #include "delay.h"
   5          unsigned char Second,miniute,hour;
   6          void main()
   7          {
   8   1              LCD_Init();
   9   1              LCD_ShowString(1,1,"  -  -  ");
  10   1              LCD_ShowString(2,1,"  :  :   DAY:");
  11   1              DS_1302_Init();
  12   1              
  13   1              DS1302_SetTime();
  14   1              while(1)
  15   1              {
  16   2                      
  17   2                      DS1302_ReadTime();//????
  18   2                      LCD_ShowNum(1,1,DS1302_Time[0],2);//???
  19   2                      LCD_ShowNum(1,4,DS1302_Time[1],2);//???
  20   2                      LCD_ShowNum(1,7,DS1302_Time[2],2);//???
  21   2                      LCD_ShowNum(2,1,DS1302_Time[3],2);//???
  22   2                      LCD_ShowNum(2,4,DS1302_Time[4],2);//???
  23   2                      LCD_ShowNum(2,7,DS1302_Time[5],2);//???
  24   2                  LCD_ShowNum(2,14,DS1302_Time[6],1);
  25   2              }
  26   1      }


MODULE INFORMATION:   STATIC OVERLAYABLE
   CODE SIZE        =    145    ----
   CONSTANT SIZE    =     23    ----
   XDATA SIZE       =   ----    ----
   PDATA SIZE       =   ----    ----
   DATA SIZE        =      3    ----
   IDATA SIZE       =   ----    ----
   BIT SIZE         =   ----    ----
END OF MODULE INFORMATION.


C51 COMPILATION COMPLETE.  0 WARNING(S),  0 ERROR(S)
