C51 COMPILER V9.54   MAIN                                                                  04/03/2025 20:51:21 PAGE 1   


C51 COMPILER V9.54, COMPILATION OF MODULE MAIN
OBJECT MODULE PLACED IN main.OBJ
COMPILER INVOKED BY: D:\ruanjian\C51\C51\BIN\C51.EXE main.c OPTIMIZE(8,SPEED) BROWSE DEBUG OBJECTEXTEND

line level    source

   1          #include "reg52.h"
   2          #include "lcd1602.h"
   3          int a;
   4          sbit boot1=P3^1;
   5          sbit boot2=P3^0;
   6          void Delay10ms()                //@11.0592MHz
   7          {
   8   1              unsigned char i, j;
   9   1      
  10   1              i = 108;
  11   1              j = 145;
  12   1              do
  13   1              {
  14   2                      while (--j);
  15   2              } while (--i);
  16   1      }
  17          void Delay100ms()               //@11.0592MHz
  18          {
  19   1              unsigned char i, j, k;
  20   1      
  21   1              i = 5;
  22   1              j = 52;
  23   1              k = 195;
  24   1              do
  25   1              {
  26   2                      do
  27   2                      {
  28   3                              while (--k);
  29   3                      } while (--j);
  30   2              } while (--i);
  31   1      }
  32          
  33          void main()//lcd按键计数器
  34                  //长按可加速，加减按键为1和2
  35          {
  36   1          LCD_Init();
  37   1        
  38   1              LCD_ShowNum(1,1,a,2);
  39   1              while(1)
  40   1              {//加法
  41   2                      if(boot1==0){a++;LCD_ShowNum(1,1,a,2);
  42   3                      Delay100ms();
  43   3                      if(boot1==0){
  44   4                      do{
  45   5                      Delay10ms();if(boot1==0)a++;if(a==100)a=0;LCD_ShowNum(1,1,a,2);
  46   5                      }while(boot1==0);
  47   4                      };
  48   3                      //while(boot==0);
  49   3                      if(a==100)a=0;
  50   3                      LCD_ShowNum(1,1,a,2);};
  51   2                      //减法
  52   2                      if(boot2==0){a--;LCD_ShowNum(1,1,a,2);
  53   3                      Delay100ms();
  54   3                      if(boot2==0){
  55   4                      do{
C51 COMPILER V9.54   MAIN                                                                  04/03/2025 20:51:21 PAGE 2   

  56   5                      Delay10ms();if(boot2==0)a--;if(a<0)a=99;LCD_ShowNum(1,1,a,2);
  57   5                      }while(boot2==0);
  58   4                      };
  59   3                      //while(boot==0);
  60   3                      if(a<0)a=99;
  61   3                      LCD_ShowNum(1,1,a,2);};
  62   2              }
  63   1      }


MODULE INFORMATION:   STATIC OVERLAYABLE
   CODE SIZE        =    247    ----
   CONSTANT SIZE    =   ----    ----
   XDATA SIZE       =   ----    ----
   PDATA SIZE       =   ----    ----
   DATA SIZE        =      2    ----
   IDATA SIZE       =   ----    ----
   BIT SIZE         =   ----    ----
END OF MODULE INFORMATION.


C51 COMPILATION COMPLETE.  0 WARNING(S),  0 ERROR(S)
