C51 COMPILER V9.54   AT24C02                                                               04/05/2025 21:05:14 PAGE 1   


C51 COMPILER V9.54, COMPILATION OF MODULE AT24C02
OBJECT MODULE PLACED IN AT24C02.OBJ
COMPILER INVOKED BY: D:\ruanjian\C51\C51\BIN\C51.EXE AT24C02.c OPTIMIZE(8,SPEED) BROWSE DEBUG OBJECTEXTEND

line level    source

   1          #include "reg52.h"
   2          #include "I2C.h"
   3          
   4          #define AT24C02_ADDRESS         0xA0
   5          
   6          
   7          void AT24C02_WriteByte(unsigned char WordAddress,Data)
   8          {   
   9   1              
  10   1              I2C_Start();
  11   1              I2C_SendByte(AT24C02_ADDRESS);//在I2C总线上发送外设地址
  12   1              I2C_ReceiveAck();
  13   1          I2C_SendByte(WordAddress);
  14   1              I2C_ReceiveAck();
  15   1              I2C_SendByte(Data);//开始写入数据
  16   1              I2C_ReceiveAck();
  17   1              I2C_Stop();
  18   1      }
  19          unsigned char AT24C02_ReadByte(unsigned char WordAddress)
  20          {
  21   1              unsigned char Data;
  22   1              I2C_Start();
  23   1              I2C_SendByte(AT24C02_ADDRESS);//在I2C总线上发送外设地址
  24   1              I2C_ReceiveAck();
  25   1              I2C_SendByte(WordAddress);//发送外设中的存储地址
  26   1              I2C_ReceiveAck();
  27   1              I2C_Start();
  28   1              I2C_SendByte(AT24C02_ADDRESS|0x01);//开始读
  29   1              I2C_ReceiveAck();
  30   1              Data=I2C_ReceiveByte();//读取数据
  31   1              I2C_SendAck(1);
  32   1              I2C_Stop();
  33   1              return Data;
  34   1      }


MODULE INFORMATION:   STATIC OVERLAYABLE
   CODE SIZE        =     84    ----
   CONSTANT SIZE    =   ----    ----
   XDATA SIZE       =   ----    ----
   PDATA SIZE       =   ----    ----
   DATA SIZE        =   ----       5
   IDATA SIZE       =   ----    ----
   BIT SIZE         =   ----    ----
END OF MODULE INFORMATION.


C51 COMPILATION COMPLETE.  0 WARNING(S),  0 ERROR(S)
