C51 COMPILER V9.54   MAIN                                                                  04/05/2025 21:05:14 PAGE 1   


C51 COMPILER V9.54, COMPILATION OF MODULE MAIN
OBJECT MODULE PLACED IN main.OBJ
COMPILER INVOKED BY: D:\ruanjian\C51\C51\BIN\C51.EXE main.c OPTIMIZE(8,SPEED) BROWSE DEBUG OBJECTEXTEND

line level    source

   1          #include "reg52.h"
   2          #include "LCD1602.h"
   3          #include "delay.h"
   4          #include " at24c02.h"//改变Data1和Data2，可以掉电保持
   5                  unsigned char Data1,Data2;
   6          void main()
   7          {
   8   1      
   9   1              
  10   1              LCD_Init();
  11   1              AT24C02_WriteByte(1,12);
  12   1              Delay(10);
  13   1              AT24C02_WriteByte(2,13);
  14   1              Delay(10);
  15   1              Data1=AT24C02_ReadByte(1);
  16   1                      Data2=AT24C02_ReadByte(2);
  17   1              LCD_ShowNum(1,1,Data1,3);
  18   1              LCD_ShowNum(2,1,Data2,3);
  19   1              while(1)
  20   1              {
  21   2                      
  22   2              }
  23   1      }


MODULE INFORMATION:   STATIC OVERLAYABLE
   CODE SIZE        =     81    ----
   CONSTANT SIZE    =   ----    ----
   XDATA SIZE       =   ----    ----
   PDATA SIZE       =   ----    ----
   DATA SIZE        =      2    ----
   IDATA SIZE       =   ----    ----
   BIT SIZE         =   ----    ----
END OF MODULE INFORMATION.


C51 COMPILATION COMPLETE.  0 WARNING(S),  0 ERROR(S)
