C51 COMPILER V9.54   MAIN                                                                  04/04/2025 20:52:36 PAGE 1   


C51 COMPILER V9.54, COMPILATION OF MODULE MAIN
OBJECT MODULE PLACED IN main.OBJ
COMPILER INVOKED BY: D:\ruanjian\C51\C51\BIN\C51.EXE main.c OPTIMIZE(8,SPEED) BROWSE DEBUG OBJECTEXTEND

line level    source

   1          #include "reg52.h"
   2          #include "Delay.h"//œ‘ æ ‰≥ˆ°∞x°±
   3          #include "LED.h"
   4          
   5          unsigned char Animation[]={0x80,0x40,0x20,0x10,0x08,0x04,0x02,0x01,0x02,0x04,0x08,0x10,0x20,0x40,0x80,0x40
             -,
   6          0x20,0x10,0x08,0x04,0x02,
   7          };
   8          
   9          void main()
  10          {   unsigned char a , move,count;
  11   1              led_Init();
  12   1              while(1)
  13   1              {   int i;
  14   2                      for(i=0;i<8;i++)
  15   2                      {
  16   3                      Martrixled_ShowColumn(i,Animation[i+move]);
  17   3                      }
  18   2                      count++;
  19   2                      if(count>30){
  20   3                      move++;count=0;
  21   3                              if(move>13){move=0;}
  22   3                      }
  23   2              }
  24   1      }
*** WARNING C280 IN LINE 10 OF main.c: 'a': unreferenced local variable


MODULE INFORMATION:   STATIC OVERLAYABLE
   CODE SIZE        =     68    ----
   CONSTANT SIZE    =   ----    ----
   XDATA SIZE       =   ----    ----
   PDATA SIZE       =   ----    ----
   DATA SIZE        =     21       5
   IDATA SIZE       =   ----    ----
   BIT SIZE         =   ----    ----
END OF MODULE INFORMATION.


C51 COMPILATION COMPLETE.  1 WARNING(S),  0 ERROR(S)
