C51 COMPILER V9.54   MAIN                                                                  04/05/2025 22:34:02 PAGE 1   


C51 COMPILER V9.54, COMPILATION OF MODULE MAIN
OBJECT MODULE PLACED IN main.OBJ
COMPILER INVOKED BY: D:\ruanjian\C51\C51\BIN\C51.EXE main.c OPTIMIZE(8,SPEED) BROWSE DEBUG OBJECTEXTEND

line level    source

   1          #include "reg52.h"
   2          #include "delay.h"
   3          sbit led=P2^1;
   4          void Delay10us(unsigned char a)         //@11.0592MHz
   5          {
   6   1              unsigned char i,c;
   7   1      
   8   1              for(c=0;c<a;c++){
   9   2              i = 25;
  10   2              while (--i);}
  11   1      }
  12          
  13          void main()
  14          {
  15   1              unsigned char Time,i;
  16   1              while(1)
  17   1              {
  18   2                      for(Time=0;Time<100;Time++)
  19   2                      {for(i=0;i<20;i++){
  20   4                              led=0;Delay10us(Time);
  21   4                  led=1;Delay10us(100-Time);  }}
  22   2              for(Time=0;Time<100;Time++)
  23   2                      {for(i=0;i<20;i++){
  24   4                              led=0;Delay10us(100-Time);
  25   4                  led=1;Delay10us(Time);      }                       
  26   3      }
  27   2      }}


MODULE INFORMATION:   STATIC OVERLAYABLE
   CODE SIZE        =     78    ----
   CONSTANT SIZE    =   ----    ----
   XDATA SIZE       =   ----    ----
   PDATA SIZE       =   ----    ----
   DATA SIZE        =   ----    ----
   IDATA SIZE       =   ----    ----
   BIT SIZE         =   ----    ----
END OF MODULE INFORMATION.


C51 COMPILATION COMPLETE.  0 WARNING(S),  0 ERROR(S)
