C51 COMPILER V9.54   UART                                                                  04/04/2025 16:55:27 PAGE 1   


C51 COMPILER V9.54, COMPILATION OF MODULE UART
OBJECT MODULE PLACED IN UART.OBJ
COMPILER INVOKED BY: D:\ruanjian\C51\C51\BIN\C51.EXE UART.c OPTIMIZE(8,SPEED) BROWSE DEBUG OBJECTEXTEND

line level    source

   1          #include "reg52.h"
   2          #include "delay.h"
   3          
   4          
   5          
   6          void Uart_Init(void)            //9600bps@11.0592MHz
   7          {
   8   1              PCON &= 0x7F;           //??????
   9   1              SCON = 0x50;            //8???,?????
  10   1              TMOD &= 0x0F;           //???????
  11   1              TMOD |= 0x20;           //???????
  12   1              TL1 = 0xFD;             //???????
  13   1              TH1 = 0xFD;             //???????
  14   1              ET1 = 0;                //?????%d??
  15   1              TR1 = 1;                //???1????
  16   1          EA=1;
  17   1              ES=1;
  18   1      }
  19          
  20          void UART_sendbyte(unsigned char Byte)
  21          {   SBUF=Byte;
  22   1              while(TI==0);
  23   1              TI=0;}


MODULE INFORMATION:   STATIC OVERLAYABLE
   CODE SIZE        =     35    ----
   CONSTANT SIZE    =   ----    ----
   XDATA SIZE       =   ----    ----
   PDATA SIZE       =   ----    ----
   DATA SIZE        =   ----    ----
   IDATA SIZE       =   ----    ----
   BIT SIZE         =   ----    ----
END OF MODULE INFORMATION.


C51 COMPILATION COMPLETE.  0 WARNING(S),  0 ERROR(S)
