C51 COMPILER V9.54   MAIN                                                                  04/05/2025 21:02:04 PAGE 1   


C51 COMPILER V9.54, COMPILATION OF MODULE MAIN
OBJECT MODULE PLACED IN main.OBJ
COMPILER INVOKED BY: D:\ruanjian\C51\C51\BIN\C51.EXE main.c OPTIMIZE(8,SPEED) BROWSE DEBUG OBJECTEXTEND

line level    source

   1          #include "reg52.h"
   2          #include " lcd1602.h"
   3          #include " delay.h"
   4          #include "Onewire.h"
   5          #include "DS18B20.h"//œ‘ æ…„ œ∂»Œ¬∂»
   6          unsigned char Ack;
   7          float T;
   8          void main()
   9          {
  10   1              LCD_Init();
  11   1              while(1)
  12   1              {
  13   2                      DS18B20_ConvertT();
  14   2             T=DS18B20_ReadT();
  15   2                      if(T<0){
  16   3                      LCD_ShowString(2,1,"-");LCD_ShowString(2,4,".");        
  17   3                      }
  18   2                      else{
  19   3                      LCD_ShowString(2,1,"+");
  20   3              LCD_ShowString(2,4,".");                                
  21   3                      }
  22   2              LCD_ShowNum(2,2,T,2);
  23   2              LCD_ShowNum(2,5,(unsigned long)(T*100)%100,2);          
  24   2              }
  25   1      }


MODULE INFORMATION:   STATIC OVERLAYABLE
   CODE SIZE        =    135    ----
   CONSTANT SIZE    =      6    ----
   XDATA SIZE       =   ----    ----
   PDATA SIZE       =   ----    ----
   DATA SIZE        =      5    ----
   IDATA SIZE       =   ----    ----
   BIT SIZE         =   ----    ----
END OF MODULE INFORMATION.


C51 COMPILATION COMPLETE.  0 WARNING(S),  0 ERROR(S)
