C51 COMPILER V9.54   ONEWIRE                                                               04/05/2025 21:02:04 PAGE 1   


C51 COMPILER V9.54, COMPILATION OF MODULE ONEWIRE
OBJECT MODULE PLACED IN OneWire.OBJ
COMPILER INVOKED BY: D:\ruanjian\C51\C51\BIN\C51.EXE OneWire.c OPTIMIZE(8,SPEED) BROWSE DEBUG OBJECTEXTEND

line level    source

   1          #include <REGX52.H>
   2          
   3          //引脚定义
   4          sbit OneWire_DQ=P3^7;
   5          
   6          
   7          unsigned char OneWire_Init(void)//初始化
   8          {
   9   1         unsigned char i;
  10   1              unsigned char AckBit;
  11   1              OneWire_DQ=1;
  12   1              OneWire_DQ=0;
  13   1              i = 247;while (--i);            //Delay 500us
  14   1              OneWire_DQ=1;
  15   1              i = 32;while (--i);                     //Delay 70us
  16   1              AckBit=OneWire_DQ;
  17   1              i = 247;while (--i);            //Delay 500us
  18   1              return AckBit;
  19   1      }
  20          
  21          void OneWire_SendBit(unsigned char Bit)//发送一位数据
  22          {
  23   1        unsigned char i;
  24   1              OneWire_DQ=0;
  25   1              i = 4;while (--i);                      //Delay 10us
  26   1              OneWire_DQ=Bit;
  27   1              i = 24;while (--i);                     //Delay 50us
  28   1              OneWire_DQ=1;
  29   1      }
  30          
  31          unsigned char OneWire_ReceiveBit(void)//接收一位数据
  32          {
  33   1              unsigned char i;
  34   1              unsigned char Bit;
  35   1              OneWire_DQ=0;
  36   1              i = 2;while (--i);                      //Delay 5us
  37   1              OneWire_DQ=1;
  38   1              i = 2;while (--i);                      //Delay 5us
  39   1              Bit=OneWire_DQ;
  40   1              i = 24;while (--i);                     //Delay 50us
  41   1              return Bit;
  42   1      }
  43          void OneWire_SendByte(unsigned char Byte)//发送一个字节
  44          {
  45   1              unsigned char i;
  46   1              for(i=0;i<8;i++)
  47   1              {
  48   2                      OneWire_SendBit(Byte&(0x01<<i));
  49   2              }
  50   1      }
  51          unsigned char OneWire_ReceiveByte(void)//接收一个字节
  52          {
  53   1              unsigned char i;
  54   1              unsigned char Byte=0x00;
  55   1              for(i=0;i<8;i++)
C51 COMPILER V9.54   ONEWIRE                                                               04/05/2025 21:02:04 PAGE 2   

  56   1              {
  57   2                      if(OneWire_ReceiveBit()){Byte|=(0x01<<i);}
  58   2              }
  59   1              return Byte;
  60   1      }


MODULE INFORMATION:   STATIC OVERLAYABLE
   CODE SIZE        =    122    ----
   CONSTANT SIZE    =   ----    ----
   XDATA SIZE       =   ----    ----
   PDATA SIZE       =   ----    ----
   DATA SIZE        =   ----    ----
   IDATA SIZE       =   ----    ----
   BIT SIZE         =   ----    ----
END OF MODULE INFORMATION.


C51 COMPILATION COMPLETE.  0 WARNING(S),  0 ERROR(S)
