C51 COMPILER V9.54   MAIN                                                                  04/05/2025 23:08:41 PAGE 1   


C51 COMPILER V9.54, COMPILATION OF MODULE MAIN
OBJECT MODULE PLACED IN main.OBJ
COMPILER INVOKED BY: D:\ruanjian\C51\C51\BIN\C51.EXE main.c OPTIMIZE(8,SPEED) BROWSE DEBUG OBJECTEXTEND

line level    source

   1          #include "reg52.h"
   2          #include "Delay.h"
   3          #include "Key.h"
   4          #include "Nixie.h"
   5          #include "Timer0.h"//用不了lcd，引脚冲突
   6          
   7          sbit Motor=P1^0;
   8          
   9          unsigned char Counter,Compare,KeyNum,Speed;
  10          
  11          
  12          void main()
  13          {
  14   1              Timer0_Init();
  15   1              
  16   1              while(1)
  17   1              {
  18   2                      KeyNum=Key();
  19   2                      if(KeyNum==1)
  20   2                      {
  21   3                              Speed++;
  22   3                              Speed%=4;
  23   3                              if(Speed==0){Compare=0;}        
  24   3                              //if(Speed==1){Compare=40;}//启动不了需要手动
  25   3                              if(Speed==1){Compare=50;}
  26   3                              if(Speed==2){Compare=75;}
  27   3                              if(Speed==3){Compare=100;}
  28   3                      }
  29   2                      Nixie(1,Speed);
  30   2              }
  31   1              }
  32          
  33          void Timer0_Routine() interrupt 1
  34          {
  35   1      
  36   1              TL0 = 0xA4;             //???????
  37   1              TH0 = 0xFF;             //???????
  38   1          Counter++;Counter%=100;
  39   1          if(Counter<Compare)
  40   1              { Motor=1;
  41   2              }
  42   1              else
  43   1      {   Motor=0;
  44   2      }
  45   1      }


MODULE INFORMATION:   STATIC OVERLAYABLE
   CODE SIZE        =    104    ----
   CONSTANT SIZE    =   ----    ----
   XDATA SIZE       =   ----    ----
   PDATA SIZE       =   ----    ----
   DATA SIZE        =      4    ----
   IDATA SIZE       =   ----    ----
   BIT SIZE         =   ----    ----
C51 COMPILER V9.54   MAIN                                                                  04/05/2025 23:08:41 PAGE 2   

END OF MODULE INFORMATION.


C51 COMPILATION COMPLETE.  0 WARNING(S),  0 ERROR(S)
