C51 COMPILER V9.54   TIMER0                                                                04/05/2025 23:08:41 PAGE 1   


C51 COMPILER V9.54, COMPILATION OF MODULE TIMER0
OBJECT MODULE PLACED IN Timer0.OBJ
COMPILER INVOKED BY: D:\ruanjian\C51\C51\BIN\C51.EXE Timer0.c OPTIMIZE(8,SPEED) BROWSE DEBUG OBJECTEXTEND

line level    source

   1          #include <REGX52.H>
   2          
   3          /**
   4            * @brief  定时器0初始化，100us@12.000MHz
   5            * @param  无
   6            * @retval 无
   7            */
   8          /*void Timer0_Init(void)
   9          {
  10                  TMOD &= 0xF0;           //设置定时器模式
  11                  TMOD |= 0x01;           //设置定时器模式
  12                  TL0 = 0x9C;             //设置定时初值
  13                  TH0 = 0xFF;             //设置定时初值
  14                  TF0 = 0;                //清除TF0标志
  15                  TR0 = 1;                //定时器0开始计时
  16                  ET0=1;
  17                  EA=1;
  18                  PT0=0;
  19          }*/
  20          void Timer0_Init(void)          //100微秒@11.0592MHz
  21          {
  22   1              
  23   1              TMOD &= 0xF0;           //设置定时器模式
  24   1              TMOD |= 0x01;           //设置定时器模式
  25   1              TL0 = 0xA4;             //设置定时初始值
  26   1              TH0 = 0xFF;             //设置定时初始值
  27   1              TF0 = 0;                //清除TF0标志
  28   1              TR0 = 1;                //定时器0开始计时
  29   1          ET0=1;
  30   1              EA=1;
  31   1              PT0=0;
  32   1      }
  33          
  34          /*定时器中断函数模板
  35          void Timer0_Routine() interrupt 1
  36          {
  37                  static unsigned int T0Count;
  38                  TL0 = 0x9C;             //设置定时初值
  39                  TH0 = 0xFF;             //设置定时初值
  40                  T0Count++;
  41                  if(T0Count>=1000)
  42                  {
  43                          T0Count=0;
  44                          
  45                  }
  46          }
  47          */


MODULE INFORMATION:   STATIC OVERLAYABLE
   CODE SIZE        =     23    ----
   CONSTANT SIZE    =   ----    ----
   XDATA SIZE       =   ----    ----
   PDATA SIZE       =   ----    ----
   DATA SIZE        =   ----    ----
C51 COMPILER V9.54   TIMER0                                                                04/05/2025 23:08:41 PAGE 2   

   IDATA SIZE       =   ----    ----
   BIT SIZE         =   ----    ----
END OF MODULE INFORMATION.


C51 COMPILATION COMPLETE.  0 WARNING(S),  0 ERROR(S)
