C51 COMPILER V9.54   MAIN                                                                  03/28/2025 18:55:43 PAGE 1   


C51 COMPILER V9.54, COMPILATION OF MODULE MAIN
OBJECT MODULE PLACED IN main.OBJ
COMPILER INVOKED BY: D:\ruanjian\C51\C51\BIN\C51.EXE main.c OPTIMIZE(8,SPEED) BROWSE DEBUG OBJECTEXTEND TABS(2)

line level    source

   1          #include "reg52.h"
   2          sbit switch1=P3^1;
   3          typedef unsigned int u16; //对系统默认数据类型进行重定义
   4          typedef unsigned char u8;
   5          sbit one = P2^2 ;
   6          sbit two = P2^3 ;
   7          sbit there = P2^4 ;
   8          #define SMG_A_DP_PORT P0  //使用宏定义数码管段码口
   9          
  10          //共阴极数码管显示0~F的段码数据
  11          u8 gsmg_code[17]={0x3f,0x06,0x5b,0x4f,0x66,0x6d,0x7d,0x07,
  12                  0x7f,0x6f,0x77,0x7c,0x39,0x5e,0x79,0x71};
  13          void Delay1ms()   //@11.0592MHz
  14          {
  15   1        unsigned char i, j;
  16   1      
  17   1      
  18   1        i = 11;
  19   1        j = 190;
  20   1        do
  21   1        {
  22   2          while (--j);
  23   2        } while (--i);
  24   1      }
  25          
  26          void main()
  27          {
  28   1        int a; int shi,ge;shi=0;
  29   1        while(1)
  30   1        {
  31   2          if(switch1==0)
  32   2          {while(switch1==0){//检测按键是否松开
  33   4          one=1;two=0;there=0;P0=gsmg_code[shi];Delay1ms();//同下
  34   4            one=0;two=0;there=0;P0=gsmg_code[ge];Delay1ms();//使按键按下时常亮
  35   4          };
  36   3            a++;
  37   3          };
  38   2          if(a==100) a=0;
  39   2          //if(a>=10)
  40   2         
  41   2          shi=a/10;
  42   2          ge=a%10;
  43   2            one=1;two=0;there=0;P0=gsmg_code[shi];Delay1ms();
  44   2            one=0;two=0;there=0;P0=gsmg_code[ge];Delay1ms();
  45   2          
  46   2        }
  47   1      }


MODULE INFORMATION:   STATIC OVERLAYABLE
   CODE SIZE        =    103    ----
   CONSTANT SIZE    =   ----    ----
   XDATA SIZE       =   ----    ----
   PDATA SIZE       =   ----    ----
   DATA SIZE        =     17       2
C51 COMPILER V9.54   MAIN                                                                  03/28/2025 18:55:43 PAGE 2   

   IDATA SIZE       =   ----    ----
   BIT SIZE         =   ----    ----
END OF MODULE INFORMATION.


C51 COMPILATION COMPLETE.  0 WARNING(S),  0 ERROR(S)
