C51 COMPILER V9.54   MAIN                                                                  03/27/2025 23:13:12 PAGE 1   


C51 COMPILER V9.54, COMPILATION OF MODULE MAIN
OBJECT MODULE PLACED IN main.OBJ
COMPILER INVOKED BY: D:\ruanjian\C51\C51\BIN\C51.EXE main.c OPTIMIZE(8,SPEED) BROWSE DEBUG OBJECTEXTEND TABS(2)

line level    source

   1          /**************************************************************************************
   2          深圳市普中科技有限公司（PRECHIN 普中）
   3          技术支持：www.prechin.net
   4          PRECHIN
   5           普中
   6          
   7          实验名称：静态数码管实验
   8          接线说明：  
   9          实验现象：下载程序后“数码管模块”最左边数码管显示数字0
  10          注意事项：                                          
  11          ***************************************************************************************/
  12          #include "reg52.h"
  13          
  14          typedef unsigned int u16; //对系统默认数据类型进行重定义
  15          typedef unsigned char u8;
  16          sbit one = P2^2 ;
  17          sbit two = P2^3 ;
  18          sbit there = P2^4 ;
  19          #define SMG_A_DP_PORT P0  //使用宏定义数码管段码口
  20          
  21          //共阴极数码管显示0~F的段码数据
  22          u8 gsmg_code[17]={0x3f,0x06,0x5b,0x4f,0x66,0x6d,0x7d,0x07,
  23                  0x7f,0x6f,0x77,0x7c,0x39,0x5e,0x79,0x71};
  24          void Delay100ms()   //@11.0592MHz
  25          {
  26   1        unsigned char i, j, k;
  27   1      
  28   1        
  29   1        i = 5;
  30   1        j = 52;
  31   1        k = 195;
  32   1        do
  33   1        {
  34   2          do
  35   2          {
  36   3            while (--k);
  37   3          } while (--j);
  38   2        } while (--i);
  39   1      }
  40          
  41          /*******************************************************************************
  42          * 函 数 名       : main
  43          * 函数功能     : 主函数
  44          * 输    入       : 无
  45          * 输    出       : 无
  46          *******************************************************************************/
  47          void main()
  48          { P2=0x00;
  49   1        //SMG_A_DP_PORT=gsmg_code[0];//将数组第1个数据赋值给数码管段选口
  50   1        while(1)
  51   1        {int a,b,c;
  52   2          P2=0x00;SMG_A_DP_PORT=gsmg_code[0];Delay100ms();
  53   2          for(a=1,b=1,c=1;a<17;a++,b++,c++)
  54   2          {
  55   3            //SMG_A_DP_PORT=gsmg_code[a];
C51 COMPILER V9.54   MAIN                                                                  03/27/2025 23:13:12 PAGE 2   

  56   3            one=~one;
  57   3            if((b)%2==0){two=~two;};
  58   3            if((c)%4==0){there=~there;};
  59   3            SMG_A_DP_PORT=gsmg_code[a];
  60   3            Delay100ms();
  61   3            //SMG_A_DP_PORT=gsmg_code[a];Delay100ms();
  62   3          }
  63   2            
  64   2        }   
  65   1      }


MODULE INFORMATION:   STATIC OVERLAYABLE
   CODE SIZE        =    126    ----
   CONSTANT SIZE    =   ----    ----
   XDATA SIZE       =   ----    ----
   PDATA SIZE       =   ----    ----
   DATA SIZE        =     17       6
   IDATA SIZE       =   ----    ----
   BIT SIZE         =   ----    ----
END OF MODULE INFORMATION.


C51 COMPILATION COMPLETE.  0 WARNING(S),  0 ERROR(S)
