C51 COMPILER V9.54   MAIN                                                                  03/27/2025 21:38:57 PAGE 1   


C51 COMPILER V9.54, COMPILATION OF MODULE MAIN
OBJECT MODULE PLACED IN main.OBJ
COMPILER INVOKED BY: D:\ruanjian\C51\C51\BIN\C51.EXE main.c OPTIMIZE(8,SPEED) BROWSE DEBUG OBJECTEXTEND TABS(2)

line level    source

   1          #include "reg52.h"
   2          
   3          sbit LED1=P2^0; //将P2.0管脚定义为LED1
   4          void Delay10ms()    //@11.0592MHz
   5          {
   6   1        unsigned char i, j;
   7   1      
   8   1        i = 108;
   9   1        j = 145;
  10   1        do
  11   1        {
  12   2          while (--j);
  13   2        } while (--i);
  14   1      }
  15          
  16          void main()
  17          {
  18   1        LED1=0; //LED1端口设置为低电平
  19   1        while(1)
  20   1        {int a;
  21   2          Delay10ms();
  22   2          for(a=0;a<8;a++)
  23   2          { P2=~(0x01<<a);
  24   3            Delay10ms();
  25   3            Delay10ms();Delay10ms();Delay10ms();Delay10ms();
  26   3          }
  27   2        }   
  28   1      }


MODULE INFORMATION:   STATIC OVERLAYABLE
   CODE SIZE        =     68    ----
   CONSTANT SIZE    =   ----    ----
   XDATA SIZE       =   ----    ----
   PDATA SIZE       =   ----    ----
   DATA SIZE        =   ----       2
   IDATA SIZE       =   ----    ----
   BIT SIZE         =   ----    ----
END OF MODULE INFORMATION.


C51 COMPILATION COMPLETE.  0 WARNING(S),  0 ERROR(S)
