C51 COMPILER V9.54   QIANGSHENG                                                            03/27/2025 22:07:24 PAGE 1   


C51 COMPILER V9.54, COMPILATION OF MODULE QIANGSHENG
OBJECT MODULE PLACED IN qiangsheng.OBJ
COMPILER INVOKED BY: D:\ruanjian\C51\C51\BIN\C51.EXE qiangsheng.c OPTIMIZE(8,SPEED) BROWSE DEBUG OBJECTEXTEND TABS(2)

line level    source

   1          /*********************************************************************************
   2          
   3          * 【声    明】： 此程序仅用于学习与参考，引用请注明版权和作者信息！
   4          * 【函数功能】： 蜂鸣器测试-模拟枪声                                    
   5          * 【使用说明】： 短接蜂鸣器J5跳帽，按下K1按键
   6          **********************************************************************************/
   7          
   8          #include <reg51.h>
   9          #include <intrins.h>
  10          
  11          #define uchar unsigned char
  12          #define uint  unsigned int
  13          
  14          sbit  BEEP= P2^5;
  15          sbit  K1  = P3^1;
  16          
  17          uchar  H_count,L_count;
  18          
  19          /*********************************************************/
  20          void  main()
  21          { 
  22   1        P0=0;
  23   1        BEEP=1;
  24   1          TMOD=0x01; 
  25   1          TH0=0xff; 
  26   1          TL0=0xa0;
  27   1          H_count=0xff;
  28   1          L_count=0xa0;      
  29   1          EA=1;
  30   1          ET0=1; 
  31   1          
  32   1          while(1)
  33   1          {
  34   2             while(K1);
  35   2             TR0=1;
  36   2          }
  37   1      }
  38          
  39          /*********************************************************
  40            Time0中断函数
  41          **********************************************************/
  42          void Time0(void) interrupt 1 using 0
  43          {
  44   1        BEEP=~BEEP;
  45   1        if( L_count!=0x00 )
  46   1        {
  47   2           L_count--;
  48   2           TH0=H_count; 
  49   2             TL0=L_count;
  50   2             return;
  51   2           }else  H_count--;
  52   1          
  53   1        if( H_count!=0xfc )
  54   1        {
  55   2           L_count--;
C51 COMPILER V9.54   QIANGSHENG                                                            03/27/2025 22:07:24 PAGE 2   

  56   2           TH0=H_count; 
  57   2             TL0=L_count;
  58   2             return;
  59   2        }
  60   1        else
  61   1           {
  62   2              H_count=0xff;
  63   2              L_count=0xa0;
  64   2              TH0=H_count;
  65   2              TL0=L_count;
  66   2              BEEP=1;
  67   2              TR0=0;
  68   2           }   
  69   1      }
  70             
  71          /*********************************************************/
  72          


MODULE INFORMATION:   STATIC OVERLAYABLE
   CODE SIZE        =     78    ----
   CONSTANT SIZE    =   ----    ----
   XDATA SIZE       =   ----    ----
   PDATA SIZE       =   ----    ----
   DATA SIZE        =      2    ----
   IDATA SIZE       =   ----    ----
   BIT SIZE         =   ----    ----
END OF MODULE INFORMATION.


C51 COMPILATION COMPLETE.  0 WARNING(S),  0 ERROR(S)
