C51 COMPILER V9.54   MAIN                                                                  04/04/2025 00:29:17 PAGE 1   


C51 COMPILER V9.54, COMPILATION OF MODULE MAIN
OBJECT MODULE PLACED IN .\Objects\main.obj
COMPILER INVOKED BY: D:\ruanjian\C51\C51\BIN\C51.EXE main.c OPTIMIZE(8,SPEED) BROWSE DEBUG OBJECTEXTEND PRINT(.\Listings
                    -\main.lst) OBJECT(.\Objects\main.obj)

line level    source

   1          #include <REGX52.H>
   2          #include "Delay.h"              //包含Delay头文件
   3          #include "LCD1602.h"    //包含LCD1602头文件
   4          #include "MatrixKey.h"  //包含矩阵键盘头文件
   5          #include "string.h"
   6          
   7          unsigned char KeyNum,num;
   8          unsigned char cod[7];
   9          unsigned char password[7]="123123";
  10          int count=0;
  11          void xuan(unsigned char KeyNum,unsigned char* num)
  12          {
  13   1              if(KeyNum==1) *num='1';
  14   1              if(KeyNum==2) *num='2';
  15   1              if(KeyNum==3) *num='3';
  16   1              if(KeyNum==4) *num='4';
  17   1              if(KeyNum==5) *num='5';
  18   1              if(KeyNum==6) *num='6';
  19   1              if(KeyNum==7) *num='7';
  20   1              if(KeyNum==8) *num='8';
  21   1              if(KeyNum==9) *num='9';
  22   1              if(KeyNum==10) *num='0';
  23   1      }
  24          void main()
  25          {   
  26   1              LCD_Init();                                                     //LCD初始化
  27   1              LCD_ShowString(1,1,"password:");        //LCD显示字符串
  28   1              
  29   1              while(1)
  30   1              {
  31   2                      KeyNum=MatrixKey();                     //获取矩阵键盘键码
  32   2                      if(KeyNum)                                              //如果有按键按下
  33   2                      {   if(KeyNum<=10){
  34   4                              xuan(KeyNum,&num);
  35   4                      cod[count]=num;
  36   4                      
  37   4                              count++;if(count==7){count=0;
  38   5                                      strcpy(cod, "      ");LCD_ShowString(1,11,"err");}
  39   4                      
  40   4                              LCD_ShowString(2,1,cod);
  41   4                                      
  42   4                      }LCD_ShowString(2,1,cod);
  43   3                              if(KeyNum==11)
  44   3                                      {if (strcmp(cod, password) == 0) {
  45   5                                              LCD_ShowString(1,11,"yes");  count=0;strcpy(cod, "      ");
  46   5                                         LCD_ShowString(2,1,cod);}
  47   4                         else{LCD_ShowString(1,11,"err");  count=0;strcpy(cod, "      ");
  48   5                                         LCD_ShowString(2,1,cod);}
  49   4                                       
  50   4                                      }
  51   3                              //LCD_ShowNum(2,1,KeyNum,4);    //LCD显示键码
  52   3                      }
  53   2              }
  54   1      }
C51 COMPILER V9.54   MAIN                                                                  04/04/2025 00:29:17 PAGE 2   



MODULE INFORMATION:   STATIC OVERLAYABLE
   CODE SIZE        =    317    ----
   CONSTANT SIZE    =     25    ----
   XDATA SIZE       =   ----    ----
   PDATA SIZE       =   ----    ----
   DATA SIZE        =     18    ----
   IDATA SIZE       =   ----    ----
   BIT SIZE         =   ----    ----
END OF MODULE INFORMATION.


C51 COMPILATION COMPLETE.  0 WARNING(S),  0 ERROR(S)
